[debug] [2023-10-11T16:26:52.337Z] ----------------------------------------------------------------------
[debug] [2023-10-11T16:26:52.338Z] Command:       C:\Program Files\nodejs\node.exe C:\Users\wahid\AppData\Roaming\npm\node_modules\firebase-tools\lib\bin\firebase.js emulators:start --only functions
[debug] [2023-10-11T16:26:52.338Z] CLI Version:   12.6.2
[debug] [2023-10-11T16:26:52.338Z] Platform:      win32
[debug] [2023-10-11T16:26:52.339Z] Node Version:  v18.15.0
[debug] [2023-10-11T16:26:52.339Z] Time:          Wed Oct 11 2023 09:26:52 GMT-0700 (Pacific Daylight Time)
[debug] [2023-10-11T16:26:52.339Z] ----------------------------------------------------------------------
[debug] 
[debug] [2023-10-11T16:26:52.419Z] > command requires scopes: ["email","openid","https://www.googleapis.com/auth/cloudplatformprojects.readonly","https://www.googleapis.com/auth/firebase","https://www.googleapis.com/auth/cloud-platform"]
[debug] [2023-10-11T16:26:52.424Z] > authorizing via signed-in user (wahidrahimi45@gmail.com)
[info] i  emulators: Starting emulators: functions {"metadata":{"emulator":{"name":"hub"},"message":"Starting emulators: functions"}}
[debug] [2023-10-11T16:26:52.432Z] [logging] Logging Emulator only supports listening on one address (127.0.0.1). Not listening on ::1
[debug] [2023-10-11T16:26:52.432Z] assigned listening specs for emulators {"user":{"hub":[{"address":"127.0.0.1","family":"IPv4","port":4400},{"address":"::1","family":"IPv6","port":4400}],"ui":[{"address":"127.0.0.1","family":"IPv4","port":4000},{"address":"::1","family":"IPv6","port":4000}],"logging":[{"address":"127.0.0.1","family":"IPv4","port":4500}]},"metadata":{"message":"assigned listening specs for emulators"}}
[debug] [2023-10-11T16:26:52.442Z] [hub] writing locator at C:\Users\wahid\AppData\Local\Temp\hub-ragavaniauth.json
[debug] [2023-10-11T16:26:52.452Z] [functions] Functions Emulator only supports listening on one address (127.0.0.1). Not listening on ::1
[debug] [2023-10-11T16:26:52.452Z] [eventarc] Eventarc Emulator only supports listening on one address (127.0.0.1). Not listening on ::1
[debug] [2023-10-11T16:26:52.452Z] late-assigned ports for functions and eventarc emulators {"user":{"hub":[{"address":"127.0.0.1","family":"IPv4","port":4400},{"address":"::1","family":"IPv6","port":4400}],"ui":[{"address":"127.0.0.1","family":"IPv4","port":4000},{"address":"::1","family":"IPv6","port":4000}],"logging":[{"address":"127.0.0.1","family":"IPv4","port":4500}],"functions":[{"address":"127.0.0.1","family":"IPv4","port":5001}],"eventarc":[{"address":"127.0.0.1","family":"IPv4","port":9299}]},"metadata":{"message":"late-assigned ports for functions and eventarc emulators"}}
[warn] !  functions: The following emulators are not running, calls to these services from the Functions emulator will affect production: auth, firestore, database, hosting, pubsub, storage {"metadata":{"emulator":{"name":"functions"},"message":"The following emulators are not running, calls to these services from the Functions emulator will affect production: \u001b[1mauth, firestore, database, hosting, pubsub, storage\u001b[22m"}}
[debug] [2023-10-11T16:26:52.455Z] defaultcredentials: writing to file C:\Users\wahid\AppData\Roaming\firebase\wahidrahimi45_gmail_com_application_default_credentials.json
[debug] [2023-10-11T16:26:52.458Z] Setting GAC to C:\Users\wahid\AppData\Roaming\firebase\wahidrahimi45_gmail_com_application_default_credentials.json {"metadata":{"emulator":{"name":"functions"},"message":"Setting GAC to C:\\Users\\wahid\\AppData\\Roaming\\firebase\\wahidrahimi45_gmail_com_application_default_credentials.json"}}
[debug] [2023-10-11T16:26:52.459Z] > refreshing access token with scopes: []
[debug] [2023-10-11T16:26:52.460Z] >>> [apiv2][query] POST https://www.googleapis.com/oauth2/v3/token [none]
[debug] [2023-10-11T16:26:52.460Z] >>> [apiv2][body] POST https://www.googleapis.com/oauth2/v3/token [omitted]
[debug] [2023-10-11T16:26:52.565Z] <<< [apiv2][status] POST https://www.googleapis.com/oauth2/v3/token 200
[debug] [2023-10-11T16:26:52.565Z] <<< [apiv2][body] POST https://www.googleapis.com/oauth2/v3/token [omitted]
[debug] [2023-10-11T16:26:52.574Z] >>> [apiv2][query] GET https://firebase.googleapis.com/v1beta1/projects/ragavaniauth/adminSdkConfig [none]
[debug] [2023-10-11T16:26:52.796Z] <<< [apiv2][status] GET https://firebase.googleapis.com/v1beta1/projects/ragavaniauth/adminSdkConfig 200
[debug] [2023-10-11T16:26:52.796Z] <<< [apiv2][body] GET https://firebase.googleapis.com/v1beta1/projects/ragavaniauth/adminSdkConfig {"projectId":"ragavaniauth","storageBucket":"ragavaniauth.appspot.com"}
[debug] [2023-10-11T16:26:52.813Z] Ignoring unsupported arg: auto_download {"metadata":{"emulator":{"name":"ui"},"message":"Ignoring unsupported arg: auto_download"}}
[debug] [2023-10-11T16:26:52.813Z] Ignoring unsupported arg: port {"metadata":{"emulator":{"name":"ui"},"message":"Ignoring unsupported arg: port"}}
[debug] [2023-10-11T16:26:52.813Z] Starting Emulator UI with command {"binary":"node","args":["C:\\Users\\wahid\\.cache\\firebase\\emulators\\ui-v1.11.7\\server\\server.js"],"optionalArgs":[],"joinArgs":false} {"metadata":{"emulator":{"name":"ui"},"message":"Starting Emulator UI with command {\"binary\":\"node\",\"args\":[\"C:\\\\Users\\\\wahid\\\\.cache\\\\firebase\\\\emulators\\\\ui-v1.11.7\\\\server\\\\server.js\"],\"optionalArgs\":[],\"joinArgs\":false}"}}
[info] i  ui: Emulator UI logging to ui-debug.log {"metadata":{"emulator":{"name":"ui"},"message":"Emulator UI logging to \u001b[1mui-debug.log\u001b[22m"}}
[debug] [2023-10-11T16:26:52.900Z] Web / API server started at 127.0.0.1:4000
 {"metadata":{"emulator":{"name":"ui"},"message":"Web / API server started at 127.0.0.1:4000\n"}}
[debug] [2023-10-11T16:26:52.900Z] Web / API server started at ::1:4000
 {"metadata":{"emulator":{"name":"ui"},"message":"Web / API server started at ::1:4000\n"}}
[info] i  functions: Watching "E:\Fall 2023\CPTS 423\Raga Vani APIs\RagaVani-APIs\functions" for Cloud Functions... {"metadata":{"emulator":{"name":"functions"},"message":"Watching \"E:\\Fall 2023\\CPTS 423\\Raga Vani APIs\\RagaVani-APIs\\functions\" for Cloud Functions..."}}
[debug] [2023-10-11T16:26:53.088Z] Validating nodejs source
[debug] [2023-10-11T16:26:54.090Z] > [functions] package.json contents: {
  "name": "functions",
  "description": "Cloud Functions for Firebase",
  "scripts": {
    "lint": "eslint",
    "serve": "firebase emulators:start --only functions",
    "shell": "firebase functions:shell",
    "start": "npm run shell",
    "deploy": "firebase deploy --only functions",
    "logs": "firebase functions:log"
  },
  "engines": {
    "node": "18"
  },
  "main": "index.js",
  "dependencies": {
    "cors": "^2.8.5",
    "express": "^4.18.2",
    "firebase-admin": "^11.8.0",
    "firebase-functions": "^4.3.1"
  },
  "devDependencies": {
    "eslint": "^8.15.0",
    "eslint-config-google": "^0.14.0",
    "firebase-functions-test": "^3.1.0"
  },
  "private": true
}
[debug] [2023-10-11T16:26:54.090Z] Building nodejs source
[debug] [2023-10-11T16:26:54.090Z] Failed to find version of module node: reached end of search path E:\Fall 2023\CPTS 423\Raga Vani APIs\RagaVani-APIs\functions\node_modules
[info] +  functions: Using node@18 from host. 
[debug] [2023-10-11T16:26:54.092Z] Could not find functions.yaml. Must use http discovery
[debug] [2023-10-11T16:26:54.096Z] Found firebase-functions binary at 'E:\Fall 2023\CPTS 423\Raga Vani APIs\RagaVani-APIs\functions\node_modules\.bin\firebase-functions'
[info] Serving at port 8285

[debug] [2023-10-11T16:26:54.635Z] Got response from /__/functions.yaml {"endpoints":{"api":{"platform":"gcfv1","availableMemoryMb":null,"timeoutSeconds":null,"minInstances":null,"maxInstances":null,"ingressSettings":null,"serviceAccountEmail":null,"vpc":null,"httpsTrigger":{},"entryPoint":"api"}},"specVersion":"v1alpha1","requiredAPIs":[]}
[info] shutdown requested via /__/quitquitquit

[info] +  functions: Loaded functions definitions from source: api. {"metadata":{"emulator":{"name":"functions"},"message":"Loaded functions definitions from source: api."}}
[info] +  functions[us-central1-api]: http function initialized (http://127.0.0.1:5001/ragavaniauth/us-central1/api). {"metadata":{"emulator":{"name":"functions"},"message":"\u001b[1mhttp\u001b[22m function initialized (http://127.0.0.1:5001/ragavaniauth/us-central1/api)."}}
[info] 
┌─────────────────────────────────────────────────────────────┐
│ ✔  All emulators ready! It is now safe to connect your app. │
│ i  View Emulator UI at http://127.0.0.1:4000/               │
└─────────────────────────────────────────────────────────────┘

┌───────────┬────────────────┬─────────────────────────────────┐
│ Emulator  │ Host:Port      │ View in Emulator UI             │
├───────────┼────────────────┼─────────────────────────────────┤
│ Functions │ 127.0.0.1:5001 │ http://127.0.0.1:4000/functions │
└───────────┴────────────────┴─────────────────────────────────┘
  Emulator Hub running at 127.0.0.1:4400
  Other reserved ports: 4500

Issues? Report them at https://github.com/firebase/firebase-tools/issues and attach the *-debug.log files.
 
[debug] [2023-10-11T16:27:58.274Z] [work-queue] {"queuedWork":["/ragavaniauth/us-central1/api/ragas-2023-10-11T16:27:58.274Z"],"queueLength":1,"runningWork":[],"workRunningCount":0}
[debug] [2023-10-11T16:27:58.275Z] [work-queue] {"queuedWork":[],"queueLength":0,"runningWork":["/ragavaniauth/us-central1/api/ragas-2023-10-11T16:27:58.274Z"],"workRunningCount":1}
[debug] [2023-10-11T16:27:58.276Z] Accepted request GET /ragavaniauth/us-central1/api/ragas --> us-central1-api
[debug] [2023-10-11T16:27:58.282Z] [functions] Runtime ready! Sending request! {"metadata":{"emulator":{"name":"functions"},"message":"[functions] Runtime ready! Sending request!"}}
[debug] [2023-10-11T16:27:58.284Z] [functions] Got req.url=/ragavaniauth/us-central1/api/ragas, mapping to path=/ragas {"metadata":{"emulator":{"name":"functions"},"message":"[functions] Got req.url=/ragavaniauth/us-central1/api/ragas, mapping to path=/ragas"}}
[debug] [2023-10-11T16:27:58.298Z] [worker-pool] addWorker(us-central1-api) {"metadata":{"emulator":{"name":"functions"},"message":"[worker-pool] addWorker(us-central1-api)"}}
[debug] [2023-10-11T16:27:58.299Z] [worker-pool] Adding worker with key us-central1-api, total=1 {"metadata":{"emulator":{"name":"functions"},"message":"[worker-pool] Adding worker with key us-central1-api, total=1"}}
[debug] [2023-10-11T16:27:59.119Z] [runtime-status] [9864] Resolved module firebase-admin {"declared":true,"installed":true,"version":"11.11.0","resolution":"E:\\Fall 2023\\CPTS 423\\Raga Vani APIs\\RagaVani-APIs\\functions\\node_modules\\firebase-admin\\lib\\index.js"} {"metadata":{"emulator":{"name":"functions"},"function":{"name":"us-central1-api"},"extension":{},"message":"[runtime-status] [9864] Resolved module firebase-admin {\"declared\":true,\"installed\":true,\"version\":\"11.11.0\",\"resolution\":\"E:\\\\Fall 2023\\\\CPTS 423\\\\Raga Vani APIs\\\\RagaVani-APIs\\\\functions\\\\node_modules\\\\firebase-admin\\\\lib\\\\index.js\"}"}}
[debug] [2023-10-11T16:27:59.119Z] [runtime-status] [9864] Resolved module firebase-functions {"declared":true,"installed":true,"version":"4.4.1","resolution":"E:\\Fall 2023\\CPTS 423\\Raga Vani APIs\\RagaVani-APIs\\functions\\node_modules\\firebase-functions\\lib\\v1\\index.js"} {"metadata":{"emulator":{"name":"functions"},"function":{"name":"us-central1-api"},"extension":{},"message":"[runtime-status] [9864] Resolved module firebase-functions {\"declared\":true,\"installed\":true,\"version\":\"4.4.1\",\"resolution\":\"E:\\\\Fall 2023\\\\CPTS 423\\\\Raga Vani APIs\\\\RagaVani-APIs\\\\functions\\\\node_modules\\\\firebase-functions\\\\lib\\\\v1\\\\index.js\"}"}}
[debug] [2023-10-11T16:27:59.120Z] [runtime-status] [9864] Outgoing network have been stubbed. [{"name":"http","status":"mocked"},{"name":"http","status":"mocked"},{"name":"https","status":"mocked"},{"name":"https","status":"mocked"},{"name":"net","status":"mocked"}] {"metadata":{"emulator":{"name":"functions"},"function":{"name":"us-central1-api"},"extension":{},"message":"[runtime-status] [9864] Outgoing network have been stubbed. [{\"name\":\"http\",\"status\":\"mocked\"},{\"name\":\"http\",\"status\":\"mocked\"},{\"name\":\"https\",\"status\":\"mocked\"},{\"name\":\"https\",\"status\":\"mocked\"},{\"name\":\"net\",\"status\":\"mocked\"}]"}}
[debug] [2023-10-11T16:27:59.120Z] [runtime-status] [9864] Resolved module firebase-functions {"declared":true,"installed":true,"version":"4.4.1","resolution":"E:\\Fall 2023\\CPTS 423\\Raga Vani APIs\\RagaVani-APIs\\functions\\node_modules\\firebase-functions\\lib\\v1\\index.js"} {"metadata":{"emulator":{"name":"functions"},"function":{"name":"us-central1-api"},"extension":{},"message":"[runtime-status] [9864] Resolved module firebase-functions {\"declared\":true,\"installed\":true,\"version\":\"4.4.1\",\"resolution\":\"E:\\\\Fall 2023\\\\CPTS 423\\\\Raga Vani APIs\\\\RagaVani-APIs\\\\functions\\\\node_modules\\\\firebase-functions\\\\lib\\\\v1\\\\index.js\"}"}}
[debug] [2023-10-11T16:27:59.263Z] [runtime-status] [9864] Checked functions.config() {"config":{}} {"metadata":{"emulator":{"name":"functions"},"function":{"name":"us-central1-api"},"extension":{},"message":"[runtime-status] [9864] Checked functions.config() {\"config\":{}}"}}
[debug] [2023-10-11T16:27:59.264Z] [runtime-status] [9864] firebase-functions has been stubbed. {"functionsResolution":{"declared":true,"installed":true,"version":"4.4.1","resolution":"E:\\Fall 2023\\CPTS 423\\Raga Vani APIs\\RagaVani-APIs\\functions\\node_modules\\firebase-functions\\lib\\v1\\index.js"}} {"metadata":{"emulator":{"name":"functions"},"function":{"name":"us-central1-api"},"extension":{},"message":"[runtime-status] [9864] firebase-functions has been stubbed. {\"functionsResolution\":{\"declared\":true,\"installed\":true,\"version\":\"4.4.1\",\"resolution\":\"E:\\\\Fall 2023\\\\CPTS 423\\\\Raga Vani APIs\\\\RagaVani-APIs\\\\functions\\\\node_modules\\\\firebase-functions\\\\lib\\\\v1\\\\index.js\"}}"}}
[debug] [2023-10-11T16:27:59.264Z] [runtime-status] [9864] Resolved module firebase-functions {"declared":true,"installed":true,"version":"4.4.1","resolution":"E:\\Fall 2023\\CPTS 423\\Raga Vani APIs\\RagaVani-APIs\\functions\\node_modules\\firebase-functions\\lib\\v1\\index.js"} {"metadata":{"emulator":{"name":"functions"},"function":{"name":"us-central1-api"},"extension":{},"message":"[runtime-status] [9864] Resolved module firebase-functions {\"declared\":true,\"installed\":true,\"version\":\"4.4.1\",\"resolution\":\"E:\\\\Fall 2023\\\\CPTS 423\\\\Raga Vani APIs\\\\RagaVani-APIs\\\\functions\\\\node_modules\\\\firebase-functions\\\\lib\\\\v1\\\\index.js\"}"}}
[debug] [2023-10-11T16:27:59.265Z] [runtime-status] [9864] Resolved module firebase-admin {"declared":true,"installed":true,"version":"11.11.0","resolution":"E:\\Fall 2023\\CPTS 423\\Raga Vani APIs\\RagaVani-APIs\\functions\\node_modules\\firebase-admin\\lib\\index.js"} {"metadata":{"emulator":{"name":"functions"},"function":{"name":"us-central1-api"},"extension":{},"message":"[runtime-status] [9864] Resolved module firebase-admin {\"declared\":true,\"installed\":true,\"version\":\"11.11.0\",\"resolution\":\"E:\\\\Fall 2023\\\\CPTS 423\\\\Raga Vani APIs\\\\RagaVani-APIs\\\\functions\\\\node_modules\\\\firebase-admin\\\\lib\\\\index.js\"}"}}
[debug] [2023-10-11T16:27:59.266Z] [runtime-status] [9864] Resolved module firebase-functions {"declared":true,"installed":true,"version":"4.4.1","resolution":"E:\\Fall 2023\\CPTS 423\\Raga Vani APIs\\RagaVani-APIs\\functions\\node_modules\\firebase-functions\\lib\\v1\\index.js"} {"metadata":{"emulator":{"name":"functions"},"function":{"name":"us-central1-api"},"extension":{},"message":"[runtime-status] [9864] Resolved module firebase-functions {\"declared\":true,\"installed\":true,\"version\":\"4.4.1\",\"resolution\":\"E:\\\\Fall 2023\\\\CPTS 423\\\\Raga Vani APIs\\\\RagaVani-APIs\\\\functions\\\\node_modules\\\\firebase-functions\\\\lib\\\\v1\\\\index.js\"}"}}
[debug] [2023-10-11T16:27:59.267Z] [runtime-status] [9864] firebase-admin has been stubbed. {"adminResolution":{"declared":true,"installed":true,"version":"11.11.0","resolution":"E:\\Fall 2023\\CPTS 423\\Raga Vani APIs\\RagaVani-APIs\\functions\\node_modules\\firebase-admin\\lib\\index.js"}} {"metadata":{"emulator":{"name":"functions"},"function":{"name":"us-central1-api"},"extension":{},"message":"[runtime-status] [9864] firebase-admin has been stubbed. {\"adminResolution\":{\"declared\":true,\"installed\":true,\"version\":\"11.11.0\",\"resolution\":\"E:\\\\Fall 2023\\\\CPTS 423\\\\Raga Vani APIs\\\\RagaVani-APIs\\\\functions\\\\node_modules\\\\firebase-admin\\\\lib\\\\index.js\"}}"}}
[debug] [2023-10-11T16:27:59.297Z] [runtime-status] [9864] initializeApp(DEFAULT) {"credential":{"implicit":false,"projectId":"ragavaniauth","privateKey":"-----BEGIN PRIVATE KEY-----\nMIIEvAIBADANBgkqhkiG9w0BAQEFAASCBKYwggSiAgEAAoIBAQCIhHspgqd1Avs7\n57YGvOxX641gWhw6WlS8Crkyu8ngp/v8t24JzakQbGXNjhcI8hK3wAWktewtCYY4\nRYd7HtsqcnjWiSAP/lJcGoEVJ9l195f0ViBRxYRF87jcxAQAmD3acmymWa6voM5Q\nzVVW6xcEhyrNmq9SPYE+DTu8L8HzoGjtbTsmadA6xtv63nznF0nmCAuxch+dTsqa\nu88R0vDVCDnxjElM72mhTOUgEGMr0Io39dxh2al229rkkR5XJmOWHFcbxJD5NjBF\n3u5Ldb3/PngRoFkNFAJHZ6/AHFIMTVqZ6Js+KNgpEMuG2SW2b6MT6H3ZEbkTjwyL\nGbWqLq5dAgMBAAECggEAAVMnztNRxLTuszogbhhPQtsqWBEHzRkrUVfZTEC+SMvY\nii9NhhLU3S/wHPqQBqoyvE3EwEBztkwtXUZvdiZqghLyUUKraPxS2En5jrcASUDJ\n3LkpPyHnkrY2yQ2t7EON9hy+KS8dnt60odwcQ+esJYMaSzyBDw9BvdRrC/x6qV6V\nhOSP6FltiJwzWHQMS8jGDi2ZL7izFbYgXtZN2ZGB7CPmm7y5HQE8AzIM9iBK9HtI\nilMrJBsub99zW/l77lAgiUqVd6Ih8MGR0REvubABLBjEt4HBrrqAECh8Db+7QnbG\nyJZoee0Yuy9MotbUfFFBmsj+ruRrgzN2Ebox303rEQKBgQC/6AVK+Bt1juDm6mYu\ni+b4XqEOqbE/OTtrwUY2ex+CBcuu2kBfRn1jSYnDN4sxSMN//wFiIGYTpmnTC5Bm\nfH8nsxNbqCQLuCg9vYeDpdfN2V3q2hAk1JVPGfrxKLPHyF5Rt0jySaXE7wEIKWe4\nbUxfOQf+7QtzSFkqhLTm6QKUfwKBgQC2HLgegX3l7TZ6b7Uv1R96M9GCIl2IeiEF\n6HvCgGsvWpP9jRmo7Vl238mCcN7sV68+tQwJ19zTYJdfBb6+YEPfitX1uqF/Qtyc\nI08MG0KfmqFug9nJwuMCnEx1PVTQOXQq89rN2h4ufA/V0zFL0Uq+M/5+96fryGdI\nlzFyYKcfIwKBgDNOI4QcerLeJPB3QCQ3kONb4TEbWuCtO16eiFfuaMkJJaA0hzsx\njDosIeGICvV9H48rrMIAKWoddnNOxycvJ4uEi6tYc3KSpGeFMSKYBu7oqvwrml9O\nWjCQoI8ys4W44sZz+tOTrvbMcvksoKckyWM3yxRzaTlD4VrFqduF9gOfAoGAIly8\n6RSp+s6NrwCRAZuHOvm4GIP/fhb9UC4T3Bl7IA5JSlhrdRKEBQgo77H4fkP1TzG+\nOcU/Z6scJNPir+1eIToDMUCr5GVrVxLagYBLS+5Tc5TxbT6WsxFm4+BUto2Au/IT\nYTA87ax/GGunK5UsM0OAS9jTGIxR4MKWk+xk3F0CgYBFB9qX2JpVMalkJ9rsldi2\nWWodfbyKLNB1icGgDmgXdsJS8W98cs7fldDyUZaEueJE927/1yY4hn9FQkg7szP/\n/ph6+/o15GXPCBCKIxQ+5yyY0xHD0xGu3sqEmVS97iVn/bizrjJ4t7IBh5CHMDHk\n1QlLa192WmSLhQt0bFqYEg==\n-----END PRIVATE KEY-----\n","clientEmail":"firebase-adminsdk-qktlq@ragavaniauth.iam.gserviceaccount.com","httpClient":{"retry":{"maxRetries":4,"statusCodes":[503],"ioErrorCodes":["ECONNRESET","ETIMEDOUT"],"backOffFactor":0.5,"maxDelayInMillis":60000}}}} {"metadata":{"emulator":{"name":"functions"},"function":{"name":"us-central1-api"},"extension":{},"message":"[runtime-status] [9864] initializeApp(DEFAULT) {\"credential\":{\"implicit\":false,\"projectId\":\"ragavaniauth\",\"privateKey\":\"-----BEGIN PRIVATE KEY-----\\nMIIEvAIBADANBgkqhkiG9w0BAQEFAASCBKYwggSiAgEAAoIBAQCIhHspgqd1Avs7\\n57YGvOxX641gWhw6WlS8Crkyu8ngp/v8t24JzakQbGXNjhcI8hK3wAWktewtCYY4\\nRYd7HtsqcnjWiSAP/lJcGoEVJ9l195f0ViBRxYRF87jcxAQAmD3acmymWa6voM5Q\\nzVVW6xcEhyrNmq9SPYE+DTu8L8HzoGjtbTsmadA6xtv63nznF0nmCAuxch+dTsqa\\nu88R0vDVCDnxjElM72mhTOUgEGMr0Io39dxh2al229rkkR5XJmOWHFcbxJD5NjBF\\n3u5Ldb3/PngRoFkNFAJHZ6/AHFIMTVqZ6Js+KNgpEMuG2SW2b6MT6H3ZEbkTjwyL\\nGbWqLq5dAgMBAAECggEAAVMnztNRxLTuszogbhhPQtsqWBEHzRkrUVfZTEC+SMvY\\nii9NhhLU3S/wHPqQBqoyvE3EwEBztkwtXUZvdiZqghLyUUKraPxS2En5jrcASUDJ\\n3LkpPyHnkrY2yQ2t7EON9hy+KS8dnt60odwcQ+esJYMaSzyBDw9BvdRrC/x6qV6V\\nhOSP6FltiJwzWHQMS8jGDi2ZL7izFbYgXtZN2ZGB7CPmm7y5HQE8AzIM9iBK9HtI\\nilMrJBsub99zW/l77lAgiUqVd6Ih8MGR0REvubABLBjEt4HBrrqAECh8Db+7QnbG\\nyJZoee0Yuy9MotbUfFFBmsj+ruRrgzN2Ebox303rEQKBgQC/6AVK+Bt1juDm6mYu\\ni+b4XqEOqbE/OTtrwUY2ex+CBcuu2kBfRn1jSYnDN4sxSMN//wFiIGYTpmnTC5Bm\\nfH8nsxNbqCQLuCg9vYeDpdfN2V3q2hAk1JVPGfrxKLPHyF5Rt0jySaXE7wEIKWe4\\nbUxfOQf+7QtzSFkqhLTm6QKUfwKBgQC2HLgegX3l7TZ6b7Uv1R96M9GCIl2IeiEF\\n6HvCgGsvWpP9jRmo7Vl238mCcN7sV68+tQwJ19zTYJdfBb6+YEPfitX1uqF/Qtyc\\nI08MG0KfmqFug9nJwuMCnEx1PVTQOXQq89rN2h4ufA/V0zFL0Uq+M/5+96fryGdI\\nlzFyYKcfIwKBgDNOI4QcerLeJPB3QCQ3kONb4TEbWuCtO16eiFfuaMkJJaA0hzsx\\njDosIeGICvV9H48rrMIAKWoddnNOxycvJ4uEi6tYc3KSpGeFMSKYBu7oqvwrml9O\\nWjCQoI8ys4W44sZz+tOTrvbMcvksoKckyWM3yxRzaTlD4VrFqduF9gOfAoGAIly8\\n6RSp+s6NrwCRAZuHOvm4GIP/fhb9UC4T3Bl7IA5JSlhrdRKEBQgo77H4fkP1TzG+\\nOcU/Z6scJNPir+1eIToDMUCr5GVrVxLagYBLS+5Tc5TxbT6WsxFm4+BUto2Au/IT\\nYTA87ax/GGunK5UsM0OAS9jTGIxR4MKWk+xk3F0CgYBFB9qX2JpVMalkJ9rsldi2\\nWWodfbyKLNB1icGgDmgXdsJS8W98cs7fldDyUZaEueJE927/1yY4hn9FQkg7szP/\\n/ph6+/o15GXPCBCKIxQ+5yyY0xHD0xGu3sqEmVS97iVn/bizrjJ4t7IBh5CHMDHk\\n1QlLa192WmSLhQt0bFqYEg==\\n-----END PRIVATE KEY-----\\n\",\"clientEmail\":\"firebase-adminsdk-qktlq@ragavaniauth.iam.gserviceaccount.com\",\"httpClient\":{\"retry\":{\"maxRetries\":4,\"statusCodes\":[503],\"ioErrorCodes\":[\"ECONNRESET\",\"ETIMEDOUT\"],\"backOffFactor\":0.5,\"maxDelayInMillis\":60000}}}}"}}
[debug] [2023-10-11T16:27:59.371Z] [runtime-status] [9864] Functions runtime initialized. {"cwd":"E:\\Fall 2023\\CPTS 423\\Raga Vani APIs\\RagaVani-APIs\\functions","node_version":"18.15.0"} {"metadata":{"emulator":{"name":"functions"},"function":{"name":"us-central1-api"},"extension":{},"message":"[runtime-status] [9864] Functions runtime initialized. {\"cwd\":\"E:\\\\Fall 2023\\\\CPTS 423\\\\Raga Vani APIs\\\\RagaVani-APIs\\\\functions\",\"node_version\":\"18.15.0\"}"}}
[debug] [2023-10-11T16:27:59.371Z] [runtime-status] [9864] Listening to port: \\?\pipe\fire_emu_a12f243f59e73281 {"metadata":{"emulator":{"name":"functions"},"function":{"name":"us-central1-api"},"extension":{},"message":"[runtime-status] [9864] Listening to port: \\\\?\\pipe\\fire_emu_a12f243f59e73281"}}
[debug] [2023-10-11T16:27:59.410Z] [worker-us-central1-api-2dcac101-923d-4252-bf66-3195c3e4f997]: IDLE {"metadata":{"emulator":{"name":"functions"},"function":{"name":"us-central1-api"},"extension":{},"message":"[worker-us-central1-api-2dcac101-923d-4252-bf66-3195c3e4f997]: IDLE"}}
[debug] [2023-10-11T16:27:59.410Z] [worker-pool] submitRequest(triggerId=us-central1-api) {"metadata":{"emulator":{"name":"functions"},"message":"[worker-pool] submitRequest(triggerId=us-central1-api)"}}
[info] i  functions: Beginning execution of "us-central1-api" {"metadata":{"emulator":{"name":"functions"},"function":{"name":"us-central1-api"},"extension":{},"message":"Beginning execution of \"us-central1-api\""}}
[debug] [2023-10-11T16:27:59.412Z] [worker-us-central1-api-2dcac101-923d-4252-bf66-3195c3e4f997]: BUSY {"metadata":{"emulator":{"name":"functions"},"function":{"name":"us-central1-api"},"extension":{},"message":"[worker-us-central1-api-2dcac101-923d-4252-bf66-3195c3e4f997]: BUSY"}}
[warn] !  functions: The Cloud Firestore emulator is not running, so calls to Firestore will affect production. {"metadata":{"emulator":{"name":"functions"},"function":{"name":"us-central1-api"},"extension":{},"message":"The Cloud Firestore emulator is not running, so calls to Firestore will affect production."}}
[debug] [2023-10-11T16:28:00.001Z] Finishing up request with event=pause {"metadata":{"emulator":{"name":"functions"},"function":{"name":"us-central1-api"},"extension":{},"message":"Finishing up request with event=pause"}}
[info] i  functions: Finished "us-central1-api" in 588.8531ms {"metadata":{"emulator":{"name":"functions"},"function":{"name":"us-central1-api"},"extension":{},"message":"Finished \"us-central1-api\" in 588.8531ms"}}
[debug] [2023-10-11T16:28:00.002Z] [worker-us-central1-api-2dcac101-923d-4252-bf66-3195c3e4f997]: IDLE {"metadata":{"emulator":{"name":"functions"},"function":{"name":"us-central1-api"},"extension":{},"message":"[worker-us-central1-api-2dcac101-923d-4252-bf66-3195c3e4f997]: IDLE"}}
[debug] [2023-10-11T16:28:00.002Z] Finishing up request with event=finish {"metadata":{"emulator":{"name":"functions"},"function":{"name":"us-central1-api"},"extension":{},"message":"Finishing up request with event=finish"}}
[debug] [2023-10-11T16:28:00.002Z] Finishing up request with event=close {"metadata":{"emulator":{"name":"functions"},"function":{"name":"us-central1-api"},"extension":{},"message":"Finishing up request with event=close"}}
[debug] [2023-10-11T16:28:00.002Z] [work-queue] {"queuedWork":[],"queueLength":0,"runningWork":[],"workRunningCount":0}
